<?xml version="1.0" encoding="UTF-8" ?>
<testsuites errors="0"
            failures="1"
            tests="1">

  <testsuite name="Filters"
    errors="0" failures="1" hostname="" id="" package="Filters" skipped="0"
    tests="1" time="52.95" timestamp="">
  
    <testcase name="QO2MB-103 Search Filters" classname="Filters" time="52.95" assertions="72">

    

    

    

    

    

    

    

    

    

    

    

    

    

    

    

    

    

    

    

    

    

    

    

    

    

    

    

    

    

    

    

    

    

    

    

    

    

    

    

    

    

    

    

    

    

    

    

    

    

    

    

    

    

    

    

    

    

    

    

    

    

    

    

    

    

    

    

    

    

    

      <failure message="Expected element &lt;Element [name=@Tag]&gt; text to contain: &#34;availability&#34; - expected [0;32m&#34;contain &#39;availability&#39;&#34;[0m but got: [0;31m&#34;min rating: 3 |&#34;[0m">    at DateSearch.dateInfo.forEach.date (C:\Users\Matt\Desktop\DevTest\yoodlize\Test_Assets\DateSearch.js:10:13)
    at Array.forEach (&lt;anonymous&gt;)
    at DateSearch (C:\Users\Matt\Desktop\DevTest\yoodlize\Test_Assets\DateSearch.js:2:10)
    at Object.QO2MB-103 Search Filters (C:\Users\Matt\Desktop\DevTest\yoodlize\tests\Filters.js:36:9)</failure>

    <failure message="    at DateSearch.dateInfo.forEach.date (C:\Users\Matt\Desktop\DevTest\yoodlize\Test_Assets\DateSearch.js:10:13)">    at Array.forEach (&lt;anonymous&gt;)
    at DateSearch (C:\Users\Matt\Desktop\DevTest\yoodlize\Test_Assets\DateSearch.js:2:10)
    at Object.QO2MB-103 Search Filters (C:\Users\Matt\Desktop\DevTest\yoodlize\tests\Filters.js:36:9)</failure>
    </testcase>
  

  

  
  </testsuite>
</testsuites>
